WARNING - 2025-03-03 14:23:25 --> [DEPRECATED] Return type of CodeIgniter\I18n\TimeTrait::createFromTimestamp(int|float $timestamp, $timezone = null, ?string $locale = null) should either be compatible with DateTimeImmutable::createFromTimestamp(int|float $timestamp): CodeIgniter\Autoloader\Autoloader, or the #[\ReturnTypeWillChange] attribute should be used to temporarily suppress the notice in SYSTEMPATH\I18n\TimeTrait.php on line 266.
 1 SYSTEMPATH\Autoloader\Autoloader.php(311): include_once('C:\\Users\\!\\Desktop\\desafio1\\vendor\\codeigniter4\\framework\\system\\I18n\\Time.php')
 2 SYSTEMPATH\Autoloader\Autoloader.php(253): CodeIgniter\Autoloader\Autoloader->includeFile('C:\\Users\\!\\Desktop\\desafio1\\vendor\\composer/../codeigniter4/framework/system/I18n/Time.php')
 3 SYSTEMPATH\Database\MigrationRunner.php(597): CodeIgniter\Autoloader\Autoloader->loadClassmap('CodeIgniter\\I18n\\Time')
 4 SYSTEMPATH\Database\MigrationRunner.php(188): CodeIgniter\Database\MigrationRunner->addHistory(Object(stdClass), 1)
 5 SYSTEMPATH\Commands\Database\Migrate.php(84): CodeIgniter\Database\MigrationRunner->latest(null)
 6 SYSTEMPATH\CLI\Commands.php(65): CodeIgniter\Commands\Database\Migrate->run([])
 7 SYSTEMPATH\CLI\Console.php(46): CodeIgniter\CLI\Commands->run('migrate', [])
 8 ROOTPATH\spark(102): CodeIgniter\CLI\Console->run()
WARNING - 2025-03-03 14:44:46 --> [DEPRECATED] Return type of CodeIgniter\I18n\TimeTrait::createFromTimestamp(int|float $timestamp, $timezone = null, ?string $locale = null) should either be compatible with DateTimeImmutable::createFromTimestamp(int|float $timestamp): CodeIgniter\Autoloader\Autoloader, or the #[\ReturnTypeWillChange] attribute should be used to temporarily suppress the notice in SYSTEMPATH\I18n\TimeTrait.php on line 266.
 1 SYSTEMPATH\Autoloader\Autoloader.php(311): include_once('C:\\Users\\!\\Desktop\\desafio1\\vendor\\codeigniter4\\framework\\system\\I18n\\Time.php')
 2 SYSTEMPATH\Autoloader\Autoloader.php(253): CodeIgniter\Autoloader\Autoloader->includeFile('C:\\Users\\!\\Desktop\\desafio1\\vendor\\composer/../codeigniter4/framework/system/I18n/Time.php')
 3 SYSTEMPATH\Debug\Toolbar.php(379): CodeIgniter\Autoloader\Autoloader->loadClassmap('CodeIgniter\\I18n\\Time')
 4 SYSTEMPATH\Filters\DebugToolbar.php(42): CodeIgniter\Debug\Toolbar->prepare(Object(CodeIgniter\HTTP\IncomingRequest), Object(CodeIgniter\HTTP\Response))
 5 SYSTEMPATH\Filters\Filters.php(208): CodeIgniter\Filters\DebugToolbar->after(Object(CodeIgniter\HTTP\IncomingRequest), Object(CodeIgniter\HTTP\Response), null)
 6 SYSTEMPATH\CodeIgniter.php(523): CodeIgniter\Filters\Filters->run('login', 'after')
 7 SYSTEMPATH\CodeIgniter.php(361): CodeIgniter\CodeIgniter->handleRequest(null, Object(Config\Cache), false)
 8 FCPATH\index.php(79): CodeIgniter\CodeIgniter->run()
WARNING - 2025-03-03 14:44:52 --> [DEPRECATED] Return type of CodeIgniter\I18n\TimeTrait::createFromTimestamp(int|float $timestamp, $timezone = null, ?string $locale = null) should either be compatible with DateTimeImmutable::createFromTimestamp(int|float $timestamp): CodeIgniter\Autoloader\Autoloader, or the #[\ReturnTypeWillChange] attribute should be used to temporarily suppress the notice in SYSTEMPATH\I18n\TimeTrait.php on line 266.
 1 SYSTEMPATH\Autoloader\Autoloader.php(311): include_once('C:\\Users\\!\\Desktop\\desafio1\\vendor\\codeigniter4\\framework\\system\\I18n\\Time.php')
 2 SYSTEMPATH\Autoloader\Autoloader.php(253): CodeIgniter\Autoloader\Autoloader->includeFile('C:\\Users\\!\\Desktop\\desafio1\\vendor\\composer/../codeigniter4/framework/system/I18n/Time.php')
 3 SYSTEMPATH\Debug\Toolbar\Collectors\Database.php(194): CodeIgniter\Autoloader\Autoloader->loadClassmap('CodeIgniter\\I18n\\Time')
 4 [internal function]: CodeIgniter\Debug\Toolbar\Collectors\Database::{closure:CodeIgniter\Debug\Toolbar\Collectors\Database::display():149}([...])
 5 SYSTEMPATH\Debug\Toolbar\Collectors\Database.php(149): array_map(Object(Closure), [...])
 6 SYSTEMPATH\Debug\Toolbar\Collectors\BaseCollector.php(226): CodeIgniter\Debug\Toolbar\Collectors\Database->display()
 7 SYSTEMPATH\Debug\Toolbar.php(93): CodeIgniter\Debug\Toolbar\Collectors\BaseCollector->getAsArray()
 8 SYSTEMPATH\Debug\Toolbar.php(369): CodeIgniter\Debug\Toolbar->run(1741013092.339032, 0.0719, Object(CodeIgniter\HTTP\IncomingRequest), Object(CodeIgniter\HTTP\Response))
 9 SYSTEMPATH\Filters\DebugToolbar.php(42): CodeIgniter\Debug\Toolbar->prepare(Object(CodeIgniter\HTTP\IncomingRequest), Object(CodeIgniter\HTTP\Response))
10 SYSTEMPATH\Filters\Filters.php(208): CodeIgniter\Filters\DebugToolbar->after(Object(CodeIgniter\HTTP\IncomingRequest), Object(CodeIgniter\HTTP\Response), null)
11 SYSTEMPATH\CodeIgniter.php(523): CodeIgniter\Filters\Filters->run('login', 'after')
12 SYSTEMPATH\CodeIgniter.php(361): CodeIgniter\CodeIgniter->handleRequest(null, Object(Config\Cache), false)
13 FCPATH\index.php(79): CodeIgniter\CodeIgniter->run()
WARNING - 2025-03-03 14:44:58 --> [DEPRECATED] Return type of CodeIgniter\I18n\TimeTrait::createFromTimestamp(int|float $timestamp, $timezone = null, ?string $locale = null) should either be compatible with DateTimeImmutable::createFromTimestamp(int|float $timestamp): CodeIgniter\Autoloader\Autoloader, or the #[\ReturnTypeWillChange] attribute should be used to temporarily suppress the notice in SYSTEMPATH\I18n\TimeTrait.php on line 266.
 1 SYSTEMPATH\Autoloader\Autoloader.php(311): include_once('C:\\Users\\!\\Desktop\\desafio1\\vendor\\codeigniter4\\framework\\system\\I18n\\Time.php')
 2 SYSTEMPATH\Autoloader\Autoloader.php(253): CodeIgniter\Autoloader\Autoloader->includeFile('C:\\Users\\!\\Desktop\\desafio1\\vendor\\composer/../codeigniter4/framework/system/I18n/Time.php')
 3 SYSTEMPATH\Debug\Toolbar.php(379): CodeIgniter\Autoloader\Autoloader->loadClassmap('CodeIgniter\\I18n\\Time')
 4 SYSTEMPATH\Filters\DebugToolbar.php(42): CodeIgniter\Debug\Toolbar->prepare(Object(CodeIgniter\HTTP\IncomingRequest), Object(CodeIgniter\HTTP\Response))
 5 SYSTEMPATH\Filters\Filters.php(208): CodeIgniter\Filters\DebugToolbar->after(Object(CodeIgniter\HTTP\IncomingRequest), Object(CodeIgniter\HTTP\Response), null)
 6 SYSTEMPATH\CodeIgniter.php(523): CodeIgniter\Filters\Filters->run('registrar', 'after')
 7 SYSTEMPATH\CodeIgniter.php(361): CodeIgniter\CodeIgniter->handleRequest(null, Object(Config\Cache), false)
 8 FCPATH\index.php(79): CodeIgniter\CodeIgniter->run()
WARNING - 2025-03-03 14:45:05 --> [DEPRECATED] Return type of CodeIgniter\I18n\TimeTrait::createFromTimestamp(int|float $timestamp, $timezone = null, ?string $locale = null) should either be compatible with DateTimeImmutable::createFromTimestamp(int|float $timestamp): CodeIgniter\Autoloader\Autoloader, or the #[\ReturnTypeWillChange] attribute should be used to temporarily suppress the notice in SYSTEMPATH\I18n\TimeTrait.php on line 266.
 1 SYSTEMPATH\Autoloader\Autoloader.php(311): include_once('C:\\Users\\!\\Desktop\\desafio1\\vendor\\codeigniter4\\framework\\system\\I18n\\Time.php')
 2 SYSTEMPATH\Autoloader\Autoloader.php(253): CodeIgniter\Autoloader\Autoloader->includeFile('C:\\Users\\!\\Desktop\\desafio1\\vendor\\composer/../codeigniter4/framework/system/I18n/Time.php')
 3 SYSTEMPATH\BaseModel.php(1337): CodeIgniter\Autoloader\Autoloader->loadClassmap('CodeIgniter\\I18n\\Time')
 4 SYSTEMPATH\BaseModel.php(795): CodeIgniter\BaseModel->setDate()
 5 SYSTEMPATH\Model.php(749): CodeIgniter\BaseModel->insert([...], true)
 6 APPPATH\Controllers\AuthController.php(106): CodeIgniter\Model->insert([...])
 7 SYSTEMPATH\CodeIgniter.php(943): App\Controllers\AuthController->registrar()
 8 SYSTEMPATH\CodeIgniter.php(503): CodeIgniter\CodeIgniter->runController(Object(App\Controllers\AuthController))
 9 SYSTEMPATH\CodeIgniter.php(361): CodeIgniter\CodeIgniter->handleRequest(null, Object(Config\Cache), false)
10 FCPATH\index.php(79): CodeIgniter\CodeIgniter->run()
WARNING - 2025-03-03 14:45:10 --> [DEPRECATED] Return type of CodeIgniter\I18n\TimeTrait::createFromTimestamp(int|float $timestamp, $timezone = null, ?string $locale = null) should either be compatible with DateTimeImmutable::createFromTimestamp(int|float $timestamp): CodeIgniter\Autoloader\Autoloader, or the #[\ReturnTypeWillChange] attribute should be used to temporarily suppress the notice in SYSTEMPATH\I18n\TimeTrait.php on line 266.
 1 SYSTEMPATH\Autoloader\Autoloader.php(311): include_once('C:\\Users\\!\\Desktop\\desafio1\\vendor\\codeigniter4\\framework\\system\\I18n\\Time.php')
 2 SYSTEMPATH\Autoloader\Autoloader.php(253): CodeIgniter\Autoloader\Autoloader->includeFile('C:\\Users\\!\\Desktop\\desafio1\\vendor\\composer/../codeigniter4/framework/system/I18n/Time.php')
 3 SYSTEMPATH\BaseModel.php(1337): CodeIgniter\Autoloader\Autoloader->loadClassmap('CodeIgniter\\I18n\\Time')
 4 SYSTEMPATH\BaseModel.php(976): CodeIgniter\BaseModel->setDate()
 5 SYSTEMPATH\Model.php(812): CodeIgniter\BaseModel->update([...], [...])
 6 APPPATH\Controllers\AuthController.php(64): CodeIgniter\Model->update('1', [...])
 7 SYSTEMPATH\CodeIgniter.php(943): App\Controllers\AuthController->login()
 8 SYSTEMPATH\CodeIgniter.php(503): CodeIgniter\CodeIgniter->runController(Object(App\Controllers\AuthController))
 9 SYSTEMPATH\CodeIgniter.php(361): CodeIgniter\CodeIgniter->handleRequest(null, Object(Config\Cache), false)
10 FCPATH\index.php(79): CodeIgniter\CodeIgniter->run()
WARNING - 2025-03-03 14:45:22 --> [DEPRECATED] Return type of CodeIgniter\I18n\TimeTrait::createFromTimestamp(int|float $timestamp, $timezone = null, ?string $locale = null) should either be compatible with DateTimeImmutable::createFromTimestamp(int|float $timestamp): CodeIgniter\Autoloader\Autoloader, or the #[\ReturnTypeWillChange] attribute should be used to temporarily suppress the notice in SYSTEMPATH\I18n\TimeTrait.php on line 266.
 1 SYSTEMPATH\Autoloader\Autoloader.php(311): include_once('C:\\Users\\!\\Desktop\\desafio1\\vendor\\codeigniter4\\framework\\system\\I18n\\Time.php')
 2 SYSTEMPATH\Autoloader\Autoloader.php(253): CodeIgniter\Autoloader\Autoloader->includeFile('C:\\Users\\!\\Desktop\\desafio1\\vendor\\composer/../codeigniter4/framework/system/I18n/Time.php')
 3 SYSTEMPATH\Debug\Toolbar.php(379): CodeIgniter\Autoloader\Autoloader->loadClassmap('CodeIgniter\\I18n\\Time')
 4 SYSTEMPATH\Filters\DebugToolbar.php(42): CodeIgniter\Debug\Toolbar->prepare(Object(CodeIgniter\HTTP\IncomingRequest), Object(CodeIgniter\HTTP\Response))
 5 SYSTEMPATH\Filters\Filters.php(208): CodeIgniter\Filters\DebugToolbar->after(Object(CodeIgniter\HTTP\IncomingRequest), Object(CodeIgniter\HTTP\Response), null)
 6 SYSTEMPATH\CodeIgniter.php(523): CodeIgniter\Filters\Filters->run('user', 'after')
 7 SYSTEMPATH\CodeIgniter.php(361): CodeIgniter\CodeIgniter->handleRequest(null, Object(Config\Cache), false)
 8 FCPATH\index.php(79): CodeIgniter\CodeIgniter->run()
CRITICAL - 2025-03-03 11:46:04 --> BadMethodCallException: Call to undefined method App\Models\PedidoModel::dadosPedidos
in SYSTEMPATH\Model.php on line 879.
 1 APPPATH\Controllers\PedidoController.php(36): CodeIgniter\Model->__call('dadosPedidos', [])
 2 SYSTEMPATH\CodeIgniter.php(943): App\Controllers\PedidoController->index()
 3 SYSTEMPATH\CodeIgniter.php(503): CodeIgniter\CodeIgniter->runController(Object(App\Controllers\PedidoController))
 4 SYSTEMPATH\CodeIgniter.php(361): CodeIgniter\CodeIgniter->handleRequest(null, Object(Config\Cache), false)
 5 FCPATH\index.php(79): CodeIgniter\CodeIgniter->run()
WARNING - 2025-03-03 14:46:10 --> [DEPRECATED] Return type of CodeIgniter\I18n\TimeTrait::createFromTimestamp(int|float $timestamp, $timezone = null, ?string $locale = null) should either be compatible with DateTimeImmutable::createFromTimestamp(int|float $timestamp): CodeIgniter\Autoloader\Autoloader, or the #[\ReturnTypeWillChange] attribute should be used to temporarily suppress the notice in SYSTEMPATH\I18n\TimeTrait.php on line 266.
 1 SYSTEMPATH\Autoloader\Autoloader.php(311): include_once('C:\\Users\\!\\Desktop\\desafio1\\vendor\\codeigniter4\\framework\\system\\I18n\\Time.php')
 2 SYSTEMPATH\Autoloader\Autoloader.php(253): CodeIgniter\Autoloader\Autoloader->includeFile('C:\\Users\\!\\Desktop\\desafio1\\vendor\\composer/../codeigniter4/framework/system/I18n/Time.php')
 3 SYSTEMPATH\Debug\Toolbar\Collectors\Database.php(194): CodeIgniter\Autoloader\Autoloader->loadClassmap('CodeIgniter\\I18n\\Time')
 4 [internal function]: CodeIgniter\Debug\Toolbar\Collectors\Database::{closure:CodeIgniter\Debug\Toolbar\Collectors\Database::display():149}([...])
 5 SYSTEMPATH\Debug\Toolbar\Collectors\Database.php(149): array_map(Object(Closure), [...])
 6 SYSTEMPATH\Debug\Toolbar\Collectors\BaseCollector.php(226): CodeIgniter\Debug\Toolbar\Collectors\Database->display()
 7 SYSTEMPATH\Debug\Toolbar.php(93): CodeIgniter\Debug\Toolbar\Collectors\BaseCollector->getAsArray()
 8 SYSTEMPATH\Debug\Toolbar.php(369): CodeIgniter\Debug\Toolbar->run(1741013170.025555, 0.0675, Object(CodeIgniter\HTTP\IncomingRequest), Object(CodeIgniter\HTTP\Response))
 9 SYSTEMPATH\Filters\DebugToolbar.php(42): CodeIgniter\Debug\Toolbar->prepare(Object(CodeIgniter\HTTP\IncomingRequest), Object(CodeIgniter\HTTP\Response))
10 SYSTEMPATH\Filters\Filters.php(208): CodeIgniter\Filters\DebugToolbar->after(Object(CodeIgniter\HTTP\IncomingRequest), Object(CodeIgniter\HTTP\Response), null)
11 SYSTEMPATH\CodeIgniter.php(523): CodeIgniter\Filters\Filters->run('clientes/', 'after')
12 SYSTEMPATH\CodeIgniter.php(361): CodeIgniter\CodeIgniter->handleRequest(null, Object(Config\Cache), false)
13 FCPATH\index.php(79): CodeIgniter\CodeIgniter->run()
CRITICAL - 2025-03-03 11:46:13 --> BadMethodCallException: Call to undefined method App\Models\PedidoModel::dadosPedidos
in SYSTEMPATH\Model.php on line 879.
 1 APPPATH\Controllers\PedidoController.php(36): CodeIgniter\Model->__call('dadosPedidos', [])
 2 SYSTEMPATH\CodeIgniter.php(943): App\Controllers\PedidoController->index()
 3 SYSTEMPATH\CodeIgniter.php(503): CodeIgniter\CodeIgniter->runController(Object(App\Controllers\PedidoController))
 4 SYSTEMPATH\CodeIgniter.php(361): CodeIgniter\CodeIgniter->handleRequest(null, Object(Config\Cache), false)
 5 FCPATH\index.php(79): CodeIgniter\CodeIgniter->run()
CRITICAL - 2025-03-03 11:46:58 --> BadMethodCallException: Call to undefined method App\Models\PedidoModel::dadosPedidos
in SYSTEMPATH\Model.php on line 879.
 1 APPPATH\Controllers\PedidoController.php(36): CodeIgniter\Model->__call('dadosPedidos', [])
 2 SYSTEMPATH\CodeIgniter.php(943): App\Controllers\PedidoController->index()
 3 SYSTEMPATH\CodeIgniter.php(503): CodeIgniter\CodeIgniter->runController(Object(App\Controllers\PedidoController))
 4 SYSTEMPATH\CodeIgniter.php(361): CodeIgniter\CodeIgniter->handleRequest(null, Object(Config\Cache), false)
 5 FCPATH\index.php(79): CodeIgniter\CodeIgniter->run()
WARNING - 2025-03-03 14:47:08 --> [DEPRECATED] Return type of CodeIgniter\I18n\TimeTrait::createFromTimestamp(int|float $timestamp, $timezone = null, ?string $locale = null) should either be compatible with DateTimeImmutable::createFromTimestamp(int|float $timestamp): CodeIgniter\Autoloader\Autoloader, or the #[\ReturnTypeWillChange] attribute should be used to temporarily suppress the notice in SYSTEMPATH\I18n\TimeTrait.php on line 266.
 1 SYSTEMPATH\Autoloader\Autoloader.php(311): include_once('C:\\Users\\!\\Desktop\\desafio1\\vendor\\codeigniter4\\framework\\system\\I18n\\Time.php')
 2 SYSTEMPATH\Autoloader\Autoloader.php(253): CodeIgniter\Autoloader\Autoloader->includeFile('C:\\Users\\!\\Desktop\\desafio1\\vendor\\composer/../codeigniter4/framework/system/I18n/Time.php')
 3 SYSTEMPATH\Debug\Toolbar\Collectors\Database.php(194): CodeIgniter\Autoloader\Autoloader->loadClassmap('CodeIgniter\\I18n\\Time')
 4 [internal function]: CodeIgniter\Debug\Toolbar\Collectors\Database::{closure:CodeIgniter\Debug\Toolbar\Collectors\Database::display():149}([...])
 5 SYSTEMPATH\Debug\Toolbar\Collectors\Database.php(149): array_map(Object(Closure), [...])
 6 SYSTEMPATH\Debug\Toolbar\Collectors\BaseCollector.php(226): CodeIgniter\Debug\Toolbar\Collectors\Database->display()
 7 SYSTEMPATH\Debug\Toolbar.php(93): CodeIgniter\Debug\Toolbar\Collectors\BaseCollector->getAsArray()
 8 SYSTEMPATH\Debug\Toolbar.php(369): CodeIgniter\Debug\Toolbar->run(1741013228.561099, 0.0683, Object(CodeIgniter\HTTP\IncomingRequest), Object(CodeIgniter\HTTP\Response))
 9 SYSTEMPATH\Filters\DebugToolbar.php(42): CodeIgniter\Debug\Toolbar->prepare(Object(CodeIgniter\HTTP\IncomingRequest), Object(CodeIgniter\HTTP\Response))
10 SYSTEMPATH\Filters\Filters.php(208): CodeIgniter\Filters\DebugToolbar->after(Object(CodeIgniter\HTTP\IncomingRequest), Object(CodeIgniter\HTTP\Response), null)
11 SYSTEMPATH\CodeIgniter.php(523): CodeIgniter\Filters\Filters->run('produtos/', 'after')
12 SYSTEMPATH\CodeIgniter.php(361): CodeIgniter\CodeIgniter->handleRequest(null, Object(Config\Cache), false)
13 FCPATH\index.php(79): CodeIgniter\CodeIgniter->run()
CRITICAL - 2025-03-03 11:47:51 --> BadMethodCallException: Call to undefined method App\Models\PedidoModel::dadosPedidos
in SYSTEMPATH\Model.php on line 879.
 1 APPPATH\Controllers\PedidoController.php(36): CodeIgniter\Model->__call('dadosPedidos', [])
 2 SYSTEMPATH\CodeIgniter.php(943): App\Controllers\PedidoController->index()
 3 SYSTEMPATH\CodeIgniter.php(503): CodeIgniter\CodeIgniter->runController(Object(App\Controllers\PedidoController))
 4 SYSTEMPATH\CodeIgniter.php(361): CodeIgniter\CodeIgniter->handleRequest(null, Object(Config\Cache), false)
 5 FCPATH\index.php(79): CodeIgniter\CodeIgniter->run()
CRITICAL - 2025-03-03 11:47:51 --> BadMethodCallException: Call to undefined method App\Models\PedidoModel::dadosPedidos
in SYSTEMPATH\Model.php on line 879.
 1 APPPATH\Controllers\PedidoController.php(36): CodeIgniter\Model->__call('dadosPedidos', [])
 2 SYSTEMPATH\CodeIgniter.php(943): App\Controllers\PedidoController->index()
 3 SYSTEMPATH\CodeIgniter.php(503): CodeIgniter\CodeIgniter->runController(Object(App\Controllers\PedidoController))
 4 SYSTEMPATH\CodeIgniter.php(361): CodeIgniter\CodeIgniter->handleRequest(null, Object(Config\Cache), false)
 5 FCPATH\index.php(79): CodeIgniter\CodeIgniter->run()
WARNING - 2025-03-03 11:49:01 --> [DEPRECATED] Return type of CodeIgniter\I18n\TimeTrait::createFromTimestamp(int|float $timestamp, $timezone = null, ?string $locale = null) should either be compatible with DateTimeImmutable::createFromTimestamp(int|float $timestamp): CodeIgniter\Autoloader\Autoloader, or the #[\ReturnTypeWillChange] attribute should be used to temporarily suppress the notice in SYSTEMPATH\I18n\TimeTrait.php on line 266.
 1 SYSTEMPATH\Autoloader\Autoloader.php(311): include_once('C:\\Users\\!\\Desktop\\desafio1\\vendor\\codeigniter4\\framework\\system\\I18n\\Time.php')
 2 SYSTEMPATH\Autoloader\Autoloader.php(253): CodeIgniter\Autoloader\Autoloader->includeFile('C:\\Users\\!\\Desktop\\desafio1\\vendor\\composer/../codeigniter4/framework/system/I18n/Time.php')
 3 SYSTEMPATH\Debug\Toolbar\Collectors\Database.php(194): CodeIgniter\Autoloader\Autoloader->loadClassmap('CodeIgniter\\I18n\\Time')
 4 [internal function]: CodeIgniter\Debug\Toolbar\Collectors\Database::{closure:CodeIgniter\Debug\Toolbar\Collectors\Database::display():149}([...])
 5 SYSTEMPATH\Debug\Toolbar\Collectors\Database.php(149): array_map(Object(Closure), [...])
 6 SYSTEMPATH\Debug\Toolbar\Collectors\BaseCollector.php(226): CodeIgniter\Debug\Toolbar\Collectors\Database->display()
 7 SYSTEMPATH\Debug\Toolbar.php(93): CodeIgniter\Debug\Toolbar\Collectors\BaseCollector->getAsArray()
 8 SYSTEMPATH\Debug\Toolbar.php(369): CodeIgniter\Debug\Toolbar->run(1741013341.05216, 0.0674, Object(CodeIgniter\HTTP\IncomingRequest), Object(CodeIgniter\HTTP\Response))
 9 SYSTEMPATH\Filters\DebugToolbar.php(42): CodeIgniter\Debug\Toolbar->prepare(Object(CodeIgniter\HTTP\IncomingRequest), Object(CodeIgniter\HTTP\Response))
10 SYSTEMPATH\Filters\Filters.php(208): CodeIgniter\Filters\DebugToolbar->after(Object(CodeIgniter\HTTP\IncomingRequest), Object(CodeIgniter\HTTP\Response), null)
11 SYSTEMPATH\CodeIgniter.php(523): CodeIgniter\Filters\Filters->run('pedidos/', 'after')
12 SYSTEMPATH\CodeIgniter.php(361): CodeIgniter\CodeIgniter->handleRequest(null, Object(Config\Cache), false)
13 FCPATH\index.php(79): CodeIgniter\CodeIgniter->run()
WARNING - 2025-03-03 11:50:20 --> [DEPRECATED] Return type of CodeIgniter\I18n\TimeTrait::createFromTimestamp(int|float $timestamp, $timezone = null, ?string $locale = null) should either be compatible with DateTimeImmutable::createFromTimestamp(int|float $timestamp): CodeIgniter\Autoloader\Autoloader, or the #[\ReturnTypeWillChange] attribute should be used to temporarily suppress the notice in SYSTEMPATH\I18n\TimeTrait.php on line 266.
 1 SYSTEMPATH\Autoloader\Autoloader.php(311): include_once('C:\\Users\\!\\Desktop\\desafio1\\vendor\\codeigniter4\\framework\\system\\I18n\\Time.php')
 2 SYSTEMPATH\Autoloader\Autoloader.php(253): CodeIgniter\Autoloader\Autoloader->includeFile('C:\\Users\\!\\Desktop\\desafio1\\vendor\\composer/../codeigniter4/framework/system/I18n/Time.php')
 3 SYSTEMPATH\Debug\Toolbar\Collectors\Database.php(194): CodeIgniter\Autoloader\Autoloader->loadClassmap('CodeIgniter\\I18n\\Time')
 4 [internal function]: CodeIgniter\Debug\Toolbar\Collectors\Database::{closure:CodeIgniter\Debug\Toolbar\Collectors\Database::display():149}([...])
 5 SYSTEMPATH\Debug\Toolbar\Collectors\Database.php(149): array_map(Object(Closure), [...])
 6 SYSTEMPATH\Debug\Toolbar\Collectors\BaseCollector.php(226): CodeIgniter\Debug\Toolbar\Collectors\Database->display()
 7 SYSTEMPATH\Debug\Toolbar.php(93): CodeIgniter\Debug\Toolbar\Collectors\BaseCollector->getAsArray()
 8 SYSTEMPATH\Debug\Toolbar.php(369): CodeIgniter\Debug\Toolbar->run(1741013420.484143, 0.0702, Object(CodeIgniter\HTTP\IncomingRequest), Object(CodeIgniter\HTTP\Response))
 9 SYSTEMPATH\Filters\DebugToolbar.php(42): CodeIgniter\Debug\Toolbar->prepare(Object(CodeIgniter\HTTP\IncomingRequest), Object(CodeIgniter\HTTP\Response))
10 SYSTEMPATH\Filters\Filters.php(208): CodeIgniter\Filters\DebugToolbar->after(Object(CodeIgniter\HTTP\IncomingRequest), Object(CodeIgniter\HTTP\Response), null)
11 SYSTEMPATH\CodeIgniter.php(523): CodeIgniter\Filters\Filters->run('pedidos/', 'after')
12 SYSTEMPATH\CodeIgniter.php(361): CodeIgniter\CodeIgniter->handleRequest(null, Object(Config\Cache), false)
13 FCPATH\index.php(79): CodeIgniter\CodeIgniter->run()
WARNING - 2025-03-03 11:50:27 --> [DEPRECATED] Return type of CodeIgniter\I18n\TimeTrait::createFromTimestamp(int|float $timestamp, $timezone = null, ?string $locale = null) should either be compatible with DateTimeImmutable::createFromTimestamp(int|float $timestamp): CodeIgniter\Autoloader\Autoloader, or the #[\ReturnTypeWillChange] attribute should be used to temporarily suppress the notice in SYSTEMPATH\I18n\TimeTrait.php on line 266.
 1 SYSTEMPATH\Autoloader\Autoloader.php(311): include_once('C:\\Users\\!\\Desktop\\desafio1\\vendor\\codeigniter4\\framework\\system\\I18n\\Time.php')
 2 SYSTEMPATH\Autoloader\Autoloader.php(253): CodeIgniter\Autoloader\Autoloader->includeFile('C:\\Users\\!\\Desktop\\desafio1\\vendor\\composer/../codeigniter4/framework/system/I18n/Time.php')
 3 SYSTEMPATH\Debug\Toolbar.php(379): CodeIgniter\Autoloader\Autoloader->loadClassmap('CodeIgniter\\I18n\\Time')
 4 SYSTEMPATH\Filters\DebugToolbar.php(42): CodeIgniter\Debug\Toolbar->prepare(Object(CodeIgniter\HTTP\IncomingRequest), Object(CodeIgniter\HTTP\Response))
 5 SYSTEMPATH\Filters\Filters.php(208): CodeIgniter\Filters\DebugToolbar->after(Object(CodeIgniter\HTTP\IncomingRequest), Object(CodeIgniter\HTTP\Response), null)
 6 SYSTEMPATH\CodeIgniter.php(523): CodeIgniter\Filters\Filters->run('pedidos/', 'after')
 7 SYSTEMPATH\CodeIgniter.php(361): CodeIgniter\CodeIgniter->handleRequest(null, Object(Config\Cache), false)
 8 FCPATH\index.php(79): CodeIgniter\CodeIgniter->run()
WARNING - 2025-03-03 11:50:42 --> [DEPRECATED] Return type of CodeIgniter\I18n\TimeTrait::createFromTimestamp(int|float $timestamp, $timezone = null, ?string $locale = null) should either be compatible with DateTimeImmutable::createFromTimestamp(int|float $timestamp): CodeIgniter\Autoloader\Autoloader, or the #[\ReturnTypeWillChange] attribute should be used to temporarily suppress the notice in SYSTEMPATH\I18n\TimeTrait.php on line 266.
 1 SYSTEMPATH\Autoloader\Autoloader.php(311): include_once('C:\\Users\\!\\Desktop\\desafio1\\vendor\\codeigniter4\\framework\\system\\I18n\\Time.php')
 2 SYSTEMPATH\Autoloader\Autoloader.php(253): CodeIgniter\Autoloader\Autoloader->includeFile('C:\\Users\\!\\Desktop\\desafio1\\vendor\\composer/../codeigniter4/framework/system/I18n/Time.php')
 3 SYSTEMPATH\Debug\Toolbar.php(379): CodeIgniter\Autoloader\Autoloader->loadClassmap('CodeIgniter\\I18n\\Time')
 4 SYSTEMPATH\Filters\DebugToolbar.php(42): CodeIgniter\Debug\Toolbar->prepare(Object(CodeIgniter\HTTP\IncomingRequest), Object(CodeIgniter\HTTP\Response))
 5 SYSTEMPATH\Filters\Filters.php(208): CodeIgniter\Filters\DebugToolbar->after(Object(CodeIgniter\HTTP\IncomingRequest), Object(CodeIgniter\HTTP\Response), null)
 6 SYSTEMPATH\CodeIgniter.php(523): CodeIgniter\Filters\Filters->run('pedidos/', 'after')
 7 SYSTEMPATH\CodeIgniter.php(361): CodeIgniter\CodeIgniter->handleRequest(null, Object(Config\Cache), false)
 8 FCPATH\index.php(79): CodeIgniter\CodeIgniter->run()
WARNING - 2025-03-03 11:50:51 --> [DEPRECATED] Return type of CodeIgniter\I18n\TimeTrait::createFromTimestamp(int|float $timestamp, $timezone = null, ?string $locale = null) should either be compatible with DateTimeImmutable::createFromTimestamp(int|float $timestamp): CodeIgniter\Autoloader\Autoloader, or the #[\ReturnTypeWillChange] attribute should be used to temporarily suppress the notice in SYSTEMPATH\I18n\TimeTrait.php on line 266.
 1 SYSTEMPATH\Autoloader\Autoloader.php(311): include_once('C:\\Users\\!\\Desktop\\desafio1\\vendor\\codeigniter4\\framework\\system\\I18n\\Time.php')
 2 SYSTEMPATH\Autoloader\Autoloader.php(253): CodeIgniter\Autoloader\Autoloader->includeFile('C:\\Users\\!\\Desktop\\desafio1\\vendor\\composer/../codeigniter4/framework/system/I18n/Time.php')
 3 SYSTEMPATH\BaseModel.php(1337): CodeIgniter\Autoloader\Autoloader->loadClassmap('CodeIgniter\\I18n\\Time')
 4 SYSTEMPATH\BaseModel.php(795): CodeIgniter\BaseModel->setDate()
 5 SYSTEMPATH\Model.php(749): CodeIgniter\BaseModel->insert([...], true)
 6 APPPATH\Controllers\PedidoController.php(138): CodeIgniter\Model->insert([...])
 7 SYSTEMPATH\CodeIgniter.php(943): App\Controllers\PedidoController->create()
 8 SYSTEMPATH\CodeIgniter.php(503): CodeIgniter\CodeIgniter->runController(Object(App\Controllers\PedidoController))
 9 SYSTEMPATH\CodeIgniter.php(361): CodeIgniter\CodeIgniter->handleRequest(null, Object(Config\Cache), false)
10 FCPATH\index.php(79): CodeIgniter\CodeIgniter->run()
WARNING - 2025-03-03 11:51:30 --> [DEPRECATED] Return type of CodeIgniter\I18n\TimeTrait::createFromTimestamp(int|float $timestamp, $timezone = null, ?string $locale = null) should either be compatible with DateTimeImmutable::createFromTimestamp(int|float $timestamp): CodeIgniter\Autoloader\Autoloader, or the #[\ReturnTypeWillChange] attribute should be used to temporarily suppress the notice in SYSTEMPATH\I18n\TimeTrait.php on line 266.
 1 SYSTEMPATH\Autoloader\Autoloader.php(311): include_once('C:\\Users\\!\\Desktop\\desafio1\\vendor\\codeigniter4\\framework\\system\\I18n\\Time.php')
 2 SYSTEMPATH\Autoloader\Autoloader.php(253): CodeIgniter\Autoloader\Autoloader->includeFile('C:\\Users\\!\\Desktop\\desafio1\\vendor\\composer/../codeigniter4/framework/system/I18n/Time.php')
 3 SYSTEMPATH\BaseModel.php(1337): CodeIgniter\Autoloader\Autoloader->loadClassmap('CodeIgniter\\I18n\\Time')
 4 SYSTEMPATH\BaseModel.php(795): CodeIgniter\BaseModel->setDate()
 5 SYSTEMPATH\Model.php(749): CodeIgniter\BaseModel->insert([...], true)
 6 APPPATH\Controllers\PedidoController.php(138): CodeIgniter\Model->insert([...])
 7 SYSTEMPATH\CodeIgniter.php(943): App\Controllers\PedidoController->create()
 8 SYSTEMPATH\CodeIgniter.php(503): CodeIgniter\CodeIgniter->runController(Object(App\Controllers\PedidoController))
 9 SYSTEMPATH\CodeIgniter.php(361): CodeIgniter\CodeIgniter->handleRequest(null, Object(Config\Cache), false)
10 FCPATH\index.php(79): CodeIgniter\CodeIgniter->run()
WARNING - 2025-03-03 11:51:32 --> [DEPRECATED] Return type of CodeIgniter\I18n\TimeTrait::createFromTimestamp(int|float $timestamp, $timezone = null, ?string $locale = null) should either be compatible with DateTimeImmutable::createFromTimestamp(int|float $timestamp): CodeIgniter\Autoloader\Autoloader, or the #[\ReturnTypeWillChange] attribute should be used to temporarily suppress the notice in SYSTEMPATH\I18n\TimeTrait.php on line 266.
 1 SYSTEMPATH\Autoloader\Autoloader.php(311): include_once('C:\\Users\\!\\Desktop\\desafio1\\vendor\\codeigniter4\\framework\\system\\I18n\\Time.php')
 2 SYSTEMPATH\Autoloader\Autoloader.php(253): CodeIgniter\Autoloader\Autoloader->includeFile('C:\\Users\\!\\Desktop\\desafio1\\vendor\\composer/../codeigniter4/framework/system/I18n/Time.php')
 3 SYSTEMPATH\BaseModel.php(1337): CodeIgniter\Autoloader\Autoloader->loadClassmap('CodeIgniter\\I18n\\Time')
 4 SYSTEMPATH\BaseModel.php(795): CodeIgniter\BaseModel->setDate()
 5 SYSTEMPATH\Model.php(749): CodeIgniter\BaseModel->insert([...], true)
 6 APPPATH\Controllers\PedidoController.php(138): CodeIgniter\Model->insert([...])
 7 SYSTEMPATH\CodeIgniter.php(943): App\Controllers\PedidoController->create()
 8 SYSTEMPATH\CodeIgniter.php(503): CodeIgniter\CodeIgniter->runController(Object(App\Controllers\PedidoController))
 9 SYSTEMPATH\CodeIgniter.php(361): CodeIgniter\CodeIgniter->handleRequest(null, Object(Config\Cache), false)
10 FCPATH\index.php(79): CodeIgniter\CodeIgniter->run()
